<?xml version="1.0" encoding="UTF-8"?>
<beans xmlns="http://www.springframework.org/schema/beans"
	xmlns:xsi="http://www.w3.org/2001/XMLSchema-instance" xmlns:gfe="http://www.springframework.org/schema/gemfire"
	xmlns:util="http://www.springframework.org/schema/util"
	xsi:schemaLocation="
	http://www.springframework.org/schema/beans http://www.springframework.org/schema/beans/spring-beans.xsd
	http://www.springframework.org/schema/gemfire http://www.springframework.org/schema/gemfire/spring-gemfire.xsd
	http://www.springframework.org/schema/util http://www.springframework.org/schema/util/spring-util.xsd">

	<!-- gfe:pool>
		<gfe:locator host="localhost" port="10334" />
	</gfe:pool -->

	<!-- gfe:client-cache pdx-serializer-ref="autoPdxSerializer"
		pdx-read-serialized="false" / -->


	<gfe:client-region id="test-local-region" shortcut="LOCAL" />
	<gfe:client-region id="test-proxy-region" shortcut="PROXY" />
	<gfe:client-region id="test-caching-proxy-region" shortcut="CACHING_PROXY" />


	<bean id="autoPdxSerializer" class="com.gemstone.gemfire.pdx.ReflectionBasedAutoSerializer">
		<property name="serializableClasses">
			<util:list value-type="java.lang.String">
				<value>.*</value>
			</util:list>
		</property>
	</bean>

</beans>